Starting backtest with mbchwdih.py
engine: 2.1.0, broker:nse-backtest, timezone:Asia/Calcutta, total sessions:739
oyoy 2018-07-03 09:16:00+05:30 26349.95 26240.0 26181.0
25459.4 26758.28
sell 6d326442e29345dd83308e278e2f6484
yoyo 2018-07-09 09:16:00+05:30 10728.0 10774.0 10812.25
11009.773333333333 10654.231333333333
buy 7fbdb321de0a4e24ba4cbd3d3b1efedc
buy f8c579a4b5524d5cbac3b9e557b0fba9
2018-07-10 09:16:00+05:30 26787.0 26763.1
yoyo 2018-07-10 09:16:00+05:30 26620.0 26710.0 26775.05
27509.575 26187.43
buy 2782580c573348c5937d1e49047d8f4b
sell 985cca4626384baf8a3be9701a39638c
2018-07-12 09:21:00+05:30 11011.0 11001.85
yoyo 2018-07-13 09:16:00+05:30 10981.0 11015.5 11048.0
11249.950833333332 10886.439333333334
buy 7390de6314c143b6b2bb1211a5b05e0b
sell cb663b99dd044652b081fb8bac17ca82
2018-07-27 09:16:00+05:30 27544.0 27475.0
yoyo 2018-07-27 09:16:00+05:30 27143.77 27405.6 27503.3
28256.953999999998 26900.3768
buy 238f24bf393745c5bbc2e55ec4691fd2
sell 97742b6d26d747a2b3a59b7805e29a38
2018-07-27 09:28:00+05:30 11250.0 11243.0
yoyo 2018-07-30 09:16:00+05:30 11234.3 11308.9 11325.15
11532.479833333333 11159.286133333333
buy a5267bf710084052928230fad0149657
sell ae9de62f0a4a4be5992a006b450aba79
2018-08-09 09:56:00+05:30 28258.6 28242.0
oyoy 2018-08-16 09:16:00+05:30 27905.0 28085.0 27889.55
27117.212499999998 28507.42
sell a5e796dc04bd471799e4ce1f836d078d
sell 2902098cf0b14960bc46ebbfd9cce787
2018-08-20 09:17:00+05:30 11534.1 11526.0
yoyo 2018-08-23 09:16:00+05:30 11578.95 11587.8 11614.95
11827.393 11444.9956
buy 3740cc6449874ab5bad31c0059cffe30
sell d195091b93b0414493e922d05062ed03
2018-09-05 14:03:00+05:30 11453.75 11443.0
buy 086c5c51f7db41d98011b3807af2b2e8
2018-09-11 14:18:00+05:30 27125.95 27101.0
oyoy 2018-09-17 09:16:00+05:30 11482.5 11538.1 11485.0
11273.468166666667 11654.225466666667
sell 799fafc51c004b588a540cab27a9c064
oyoy 2018-09-17 09:16:00+05:30 27202.0 27202.1 27049.75
26301.69225 27648.1962
sell 2b385152afb44510a64b28a3dc683a66
buy 82035dc6df07411c9988404ee84d6011
2018-09-19 14:19:00+05:30 11278.3 11272.5
buy 32f535226e124357925cdeb6d06c5d87
2018-09-21 12:39:00+05:30 26355.95 26274.0
oyoy 2018-09-25 09:16:00+05:30 11174.5 11000.0 10970.1
10768.433333333334 11131.433333333334
sell 85f6c61a21c349579bf78c698f92eebc
oyoy 2018-09-25 09:16:00+05:30 25749.9 24977.55 24952.4
24265.517375000003 25501.9061
sell 1d6a06d650b74465b6f68118379ca78c
buy badb06c5561a4dec82290aeb975a5a24
2018-09-26 09:16:00+05:30 11148.2 11130.05
buy f9693e45fc1349d283e0a7c931f1d851
2018-09-26 09:16:00+05:30 25619.95 25457.9
oyoy 2018-09-27 09:16:00+05:30 25619.95 25354.9 25155.55
24458.29025 25713.357799999998
sell 150a6234a826471ebfb8a8e3f017f80e
oyoy 2018-09-28 09:16:00+05:30 11136.69 10978.75 11070.0
10868.722916666668 11231.021666666667
sell 982db428b036486a97f8f5cd99b88a46
buy de613208bba841a598bf71babdbeb94f
2018-10-01 11:29:00+05:30 10884.0 10863.0
oyoy 2018-10-03 09:16:00+05:30 10931.0 11066.6 11011.25
10808.362333333333 11173.560133333332
sell 52d1e7f0bb3443e99abb0f2d51e6ced9
buy 88dc13bdd9114afbbc93c1e852da54ee
2018-10-04 09:16:00+05:30 10785.0 10750.0
oyoy 2018-10-05 09:16:00+05:30 10752.0 10595.0 10552.0
10357.758333333333 10707.393333333333
sell ee38fb1ed2e64f3aa01ad1c80ea99083
buy 06ec68c1b2b84398a462ba8952446f5a
2018-10-05 15:12:00+05:30 10380.95 10357.7
buy 975c509820f048d7a5a6ade71ef6cac3
2018-10-05 15:16:00+05:30 24514.25 24449.55
oyoy 2018-10-08 09:16:00+05:30 10552.0 10292.0 10273.9
10085.213333333333 10424.849333333334
sell b935716b79cf454ebc9c4aef76463f5e
buy 682724a290e14cb6b5cee3686b0675e4
2018-10-10 10:01:00+05:30 10428.0 10412.7
yoyo 2018-10-11 09:16:00+05:30 10333.35 10468.9 10208.75
10400.679833333334 10055.206133333333
buy 194f92bd8ee345f2a4e19cf505033db2
yoyo 2018-10-11 09:16:00+05:30 24609.95 25300.0 24600.35
25296.1 24043.75
buy 79c50b0653704d34bb72e6b98b920148
sell 1a6afd64eaf94547a81346e5e0345c9e
2018-10-12 09:16:00+05:30 25337.6 25000.05
sell f9882351a6ca4977944f324c22235300
2018-10-12 09:20:00+05:30 10403.05 10384.4
yoyo 2018-10-15 09:16:00+05:30 10329.65 10483.0 10500.55
10692.738333333333 10346.799333333332
buy 11e696dccb854d97864113bf90e27e40
yoyo 2018-10-15 09:16:00+05:30 25037.0 25353.0 25399.0
26096.2075 24841.234
buy 81d1f62b68bf4e2c8eabb4808044b01b
sell f1168a97c62641809083f0acaf4b1049
2018-10-17 09:16:00+05:30 10699.95 10672.35
oyoy 2018-10-22 09:16:00+05:30 10337.0 10314.9 10405.0
10215.8935 10556.2852
sell 92f994667f6f4164a33cc9e35904551c
buy 5103a55d67e546a897fd9b07ba9e70f5
2018-10-22 15:13:00+05:30 10218.0 10206.0
sell a4622f8ed23c43cdac2b2348f85a896f
2018-10-23 09:16:00+05:30 24924.7 24770.0
oyoy 2018-10-24 09:16:00+05:30 10160.0 10181.0 10262.5
10075.848333333333 10411.821333333333
sell 5d860a812ed34ec8abf21f7e03abef54
oyoy 2018-10-24 09:16:00+05:30 24799.8 25062.0 25350.05
24660.844999999998 25901.414
sell bdda28252a0a4e49a02da172ad8127d4
buy 78d18ae4a640453e8c1a537ff1f2f5d3
2018-10-25 10:43:00+05:30 10086.0 10073.0
oyoy 2018-10-26 09:16:00+05:30 10206.8 10124.2 10118.2
9932.589666666667 10266.688266666668
sell 9492f07ca57c443791411a4c0d1c8771
buy 44c59b0c6f614c809df3b97e3260c9a5
2018-10-26 14:14:00+05:30 24716.75 24635.45
buy f656a1d577e54558bc403f5163396823
2018-10-29 15:01:00+05:30 10269.0 10253.0
oyoy 2018-10-30 09:16:00+05:30 24683.65 25085.55 25050.35
24360.497375 25602.232099999997
sell 04db51d8cb134234b8245c621a6fa3a5
yoyo 2018-10-31 09:16:00+05:30 10264.4 10225.0 10231.1
10418.558333333334 10081.133333333333
buy 1e8482c05dfe4cb5ac4101b3ea7e22fe
sell eb8405d8c4dd4de098f1a0e0da22bc04
2018-10-31 15:06:00+05:30 10419.85 10405.7
yoyo 2018-11-01 09:16:00+05:30 10231.1 10380.75 10440.15
10630.463749999999 10287.899
buy b30c9bbca20a46bf8a7240337ecdffaa
buy 1b684edffe7e44a3ab3c95e326af3f19
2018-11-02 09:20:00+05:30 25620.7 25593.55
sell 39c98e5d4fa44186bf5384b675ee278e
2018-11-02 13:59:00+05:30 10632.0 10625.75
yoyo 2018-11-06 09:16:00+05:30 10547.75 10556.75 10574.95
10768.490416666667 10420.117666666667
buy 821cb1fbf34b454fb2ac4040af0e3859
yoyo 2018-11-09 09:16:00+05:30 25824.7 25708.9 25730.0
26436.99475 25164.4042
buy 8bacdc94f5524b3aa5048970e9000e4f
sell 8ce03fe11c824fec921a8255d53591d0
2018-11-19 14:39:00+05:30 10768.85 10746.95
sell 684bfd96c72a4b2b939ebdb0441518fd
2018-11-27 10:49:00+05:30 26447.95 26428.75
yoyo 2018-12-13 09:16:00+05:30 10610.0 10779.95 10834.25
11031.882416666667 10676.144066666666
buy 56902329c2874e96af4f7647049b12b1
yoyo 2018-12-13 09:16:00+05:30 26349.85 26740.0 26867.65
27603.0 26279.370000000003
buy 392e6daa3c3040a99da8c2a0698e69c1
sell 523b454b47f7496dad231e7e925d1d30
2018-12-24 14:49:00+05:30 10683.25 10671.35
oyoy 2018-12-26 09:16:00+05:30 10758.55 10696.0 10637.65
10441.556666666665 10794.524666666666
sell e84611fe02cd4ddd99b86704db516d3e
buy 9d2eef34bfcd4661a05b31da3a1c1c76
2018-12-27 09:16:00+05:30 10819.95 10799.85
yoyo 2018-12-31 09:16:00+05:30 10850.05 10910.0 10960.0
11160.016666666666 10799.986666666666
buy 06e6adba2b7b4346b56ab8b02d37e8af
sell ca5dcf7e870b4cad9a9e4495f2bdb1e2
2019-01-02 13:36:00+05:30 10813.85 10786.6
oyoy 2019-01-07 09:16:00+05:30 10739.95 10780.0 10861.0
10663.366666666667 11019.106666666667
sell b6d7457948134c1c9c2c0d95b1575548
sell 38b3ff02b6204b14ba0f8732e52f744b
2019-01-08 15:13:00+05:30 27607.1 27590.0
yoyo 2019-01-09 09:16:00+05:30 27388.4 27610.2 27752.2
28511.4805 27144.7756
buy 23a66cffaa754e62809debd8ca8bb800
sell bf5677fb7b12402b8130c585e1e1577c
2019-01-25 14:59:00+05:30 27153.0 27121.1
oyoy 2019-01-28 09:16:00+05:30 27378.0 27153.1 27090.0
26343.28975 27687.3682
sell f1cbe49dea7449f087367143b61f888c
buy bc85b011bed3490a8fc87f8c1a547574
2019-01-28 13:34:00+05:30 10672.95 10656.35
oyoy 2019-01-29 09:16:00+05:30 10784.9 10695.15 10679.05
10482.972249999999 10835.912199999999
sell 8be7573292d440d7a3e46bd9b8641e52
buy c8374bd1cdc4408b8b71ddfb602c7cc1
2019-01-31 15:01:00+05:30 10840.0 10826.75
yoyo 2019-02-01 09:16:00+05:30 10706.12 10832.6 10870.0
11068.597666666667 10711.121866666666
buy 9f22f8d0e11c4f0db7db333a5297668b
sell 64feaa62f3374a94b58d85c97a69a372
2019-02-06 13:09:00+05:30 11069.0 11060.05
oyoy 2019-02-11 09:16:00+05:30 11049.95 10943.7 10920.0
10719.3655 11080.5076
sell 18fbcd3ec40749e18d505e732d0cd838
buy 6a37d47db5a849699ad01c373f3610ed
2019-02-15 09:58:00+05:30 10721.3 10714.1
oyoy 2019-02-21 09:16:00+05:30 10660.25 10757.85 10749.95
10552.72275 10907.731800000001
sell 9d58be5e8a3243a99565d47f1d2b33f1
buy 65505329ece54a0181843b60b7c127ec
2019-02-27 09:32:00+05:30 10908.0 10902.5
oyoy 2019-03-01 09:16:00+05:30 10942.32 10792.0 10897.7
10699.846666666668 11055.982666666667
sell 2ef8be42631f4a5aa1d369bd742fad5a
buy 65e29478575b4e8a9f1306730b3772b3
2019-03-06 09:16:00+05:30 11059.0 11047.1
buy e3b377dba7a94d24a7687dca0c6ffbe7
2019-03-06 09:16:00+05:30 27714.55 27655.55
yoyo 2019-03-06 09:16:00+05:30 10859.9 11031.75 11053.95
11256.198750000001 10892.151
buy 343dc5ba74a34f0a91dd746b31a0907a
yoyo 2019-03-06 09:16:00+05:30 27053.25 27634.0 27655.55
28415.485 27047.602
buy de46d352f32748c99e0bcfdfbed59807
sell e1034b895aa441b0990b64c07378ce0a
2019-03-12 09:16:00+05:30 11272.35 11252.6
yoyo 2019-03-12 09:16:00+05:30 11073.9 11211.0 11256.05
11461.585 11091.622
buy 850f4541c423498a8ea580cb92896896
sell 7f21b274c2504fec9a87a93c83395c2c
2019-03-12 13:14:00+05:30 28419.45 28408.0
yoyo 2019-03-14 09:16:00+05:30 28511.5 28949.6 29055.55
29851.664 28418.658799999997
buy 63c35dbc33ce4dd296baf3cddbe47a6f
sell 64900472335c4c0e9dfaa0a660a863a8
2019-03-15 12:31:00+05:30 11462.9 11458.8
yoyo 2019-03-18 09:16:00+05:30 11390.0 11473.7 11505.25
11715.601166666667 11336.969066666667
buy 93c0f78958324250bda4bf77d11b7fc3
sell bc621c4d94434f2fad77f813392bf482
2019-03-18 09:33:00+05:30 29863.65 29817.0
yoyo 2019-03-19 09:16:00+05:30 29605.05 29731.0 29800.0
30617.6025 29145.918
buy a9f0b717238242c5896638989368d5d3
sell 3e20bedb9a0647c08da3a2373a4833c5
2019-03-29 09:16:00+05:30 11718.5 11665.15
sell af5cafb14e2e44e780ade136b390d9a0
2019-03-29 09:16:00+05:30 30915.65 30537.0
yoyo 2019-03-29 09:16:00+05:30 30172.65 30424.9 30600.0
31436.68475 29930.6522
buy f2517f57251a4a09a530d8348553fe6a
yoyo 2019-04-01 09:16:00+05:30 11689.0 11683.05 11719.2
11933.38925 11547.848600000001
buy 4a957b00366d4252a22307ff0659795c
sell 6bc5b81624a44b4a9f4065d35cd0a57f
2019-04-08 14:22:00+05:30 29955.0 29913.95
oyoy 2019-04-10 09:16:00+05:30 30030.05 30359.25 30200.35
29365.470624999998 30868.2535
sell c02f68683b504a9cb3b33473121ccaf2
sell adcd6d451e1d40d7916df8662e7bf980
2019-05-07 15:01:00+05:30 11550.0 11538.0
buy 595e314944a34b72a183e76020aa1638
2019-05-08 09:16:00+05:30 29359.95 29282.85
oyoy 2019-05-08 09:16:00+05:30 11685.0 11542.85 11509.9
11298.281083333333 11679.195133333333
sell 9aae36a671fd46429a352aac31a60388
oyoy 2019-05-08 09:16:00+05:30 29915.0 29408.9 29349.85
28541.105249999997 29996.8458
sell 172f0a22fc4148058359c06c1abccdd5
buy f917bbeb565b4f4789fcd5f0e2598b31
2019-05-09 13:53:00+05:30 11305.35 11291.2
oyoy 2019-05-10 09:16:00+05:30 11378.5 11341.6 11329.0
11121.070666666667 11495.343466666667
sell 09dd4603306e4f21943256991a45534b
buy 8b5f67266d2245e0b86f3942b8583003
2019-05-20 09:16:00+05:30 11699.8 11630.0
buy b724256c7a444aeaa26a6798459290a2
2019-05-20 09:16:00+05:30 30425.0 30060.5
yoyo 2019-05-21 09:16:00+05:30 11651.1 11871.9 11885.0
12102.6515 11710.8788
buy 34963e47442943a1b5fad179febec64d
yoyo 2019-05-21 09:16:00+05:30 30185.05 30795.9 30860.0
31706.88725 30182.4902
buy f643f033da674a2ea762ac2b3fa47c77
sell 855fd8f09b6044b4be286da1217f4ad5
2019-05-21 14:36:00+05:30 11721.75 11702.6
yoyo 2019-05-22 09:16:00+05:30 11885.0 11723.9 11740.2
11955.138166666668 11568.249466666668
buy 417c50e618f34d6187d1923745bd580a
sell a9b33b7ed35647088874465a41918d07
2019-05-23 09:22:00+05:30 11964.95 11938.25
sell 262eaf1f44e548edba4955d851410b6b
2019-05-23 10:44:00+05:30 31709.4 31678.5
yoyo 2019-05-28 09:16:00+05:30 31229.95 31579.7 31676.75
32545.19175 30981.9966
buy a1d56a5de00d44e59a0a4bf61bc3dc8f
sell eeeda574e14f49f4b66a3c48f77d88cb
2019-05-31 12:01:00+05:30 31345.9 30562.1
oyoy 2019-06-06 09:16:00+05:30 31597.95 31682.4 31599.95
30728.684 32296.9628
sell d9acd57a6f444ee4a2381f38869b6ecd
buy 69d8aa8359fd4bef86417f39366ba533
2019-06-07 09:30:00+05:30 30733.4 30670.35
oyoy 2019-06-13 09:16:00+05:30 11960.05 11925.0 11885.35
11666.725 12060.25
sell 6f5cc83983e0438293826c87cb1736ba
oyoy 2019-06-13 09:16:00+05:30 31220.0 31030.0 30888.0
30034.675 31570.66
sell aa42a9684ebf4f6eb4c7cf2be45f5114
buy 1832961d3c234496bbfd9e91829f9655
2019-06-18 14:53:00+05:30 11685.0 11665.1
oyoy 2019-06-20 09:16:00+05:30 11748.65 11720.9 11670.0
11455.116833333333 11841.906533333333
sell bc136a62d4cf45cca81dda7b5a61a66e
buy c4f700c0bf8f4fb2abcd84164aa4a63c
2019-06-20 15:03:00+05:30 11849.2 11838.35
oyoy 2019-06-24 09:16:00+05:30 11839.05 11754.5 11730.2
11514.700833333334 11902.599333333334
sell 9fd512fbfb1a4abcb05fff46428c626f
buy 47945cd5dea0406b9234d2afc1f716dc
2019-06-27 11:11:00+05:30 11904.95 11896.05
yoyo 2019-06-28 09:16:00+05:30 11944.64 11843.3 11907.7
12124.827166666668 11733.998266666667
buy 3ea47eab68f24a46886ad0b5ab8a3bbf
buy 0973c50fcb81415998b1d06c6eb68d79
2019-07-04 09:18:00+05:30 31574.75 31552.5
sell 30ff62547b4742a9a9d70c95ee558eb9
2019-07-08 09:16:00+05:30 11770.0 11723.3
oyoy 2019-07-08 09:16:00+05:30 11993.95 11815.2 11769.9
11553.288 11943.1896
sell 3ab8bd8ed7814c2baee5bf359fe2f0a0
oyoy 2019-07-08 09:16:00+05:30 31568.95 31486.2 31310.0
30444.1295 32002.6964
sell 3fdebfbcdc634149adebf9526ad9c7f2
buy bf0d775e45dc48fcb705fbd17926eb66
2019-07-08 14:19:00+05:30 11558.8 11551.3
oyoy 2019-07-09 09:16:00+05:30 11769.9 11569.9 11543.35
11331.235166666667 11713.041866666666
sell d01e27c3a94d4a2d89aa0adfb1fc7e46
buy 73f39e48acc346899dbe624429583ae0
2019-07-10 12:44:00+05:30 30470.0 30437.5
oyoy 2019-07-17 09:16:00+05:30 30510.05 30600.0 30574.0
29732.5 31247.2
sell dac34c2e423143cba39c502f2200e23e
buy 7b4c05c598bc454b8092d0fa7599b175
2019-07-19 15:08:00+05:30 29744.95 29726.05
oyoy 2019-07-22 09:16:00+05:30 30520.0 29833.0 29650.0
28829.5925 30306.326
sell 17fda4e898d242e3b7d8615cb99522f3
buy 9b0dc1e7a64542e4bb169ecb931df956
2019-07-22 09:28:00+05:30 11337.0 11331.2
oyoy 2019-07-24 09:16:00+05:30 11368.95 11337.75 11319.95
11112.091250000001 11486.237000000001
sell 8653bbef618f474cb9fd35e62c3a0953
buy d22e5cd4988d44439cda6dd6cb04d34f
2019-07-30 14:41:00+05:30 28850.95 28816.0
buy 4c40d1a661e647b09fc5a60391387aaf
2019-07-30 14:42:00+05:30 11128.0 11111.55
oyoy 2019-07-31 09:16:00+05:30 11250.0 11101.7 11058.55
10855.018833333332 11221.374933333333
sell 546eb9fef1af40caa1dceb14c1901076
oyoy 2019-07-31 09:16:00+05:30 29500.05 28850.0 28685.0
27891.625 29319.7
sell cad4b85a00b142fcaeb609eba4914e55
buy 8d425928abf44491839b20e68b3a9a89
2019-08-05 09:16:00+05:30 28015.6 27730.3
buy 214824b7444c4e69861d8c88015a9766
2019-08-05 09:32:00+05:30 10864.65 10854.2
oyoy 2019-08-06 09:16:00+05:30 10922.0 10896.0 10835.5
10635.74 10995.308
sell 77e56b7974a2407b8804cc967ce0af24
oyoy 2019-08-06 09:16:00+05:30 27825.0 27774.0 27651.1
26887.315 28262.127999999997
sell f1d1b8e14a0241258b088d31e14869ac
buy 6942c2aee0ce4f44a7bf12b747029693
2019-08-06 13:59:00+05:30 10997.7 10980.85
oyoy 2019-08-07 09:16:00+05:30 10835.5 10963.4 10950.0
10749.004333333334 11110.796533333334
sell 18ca35acf2204cae8b3b41ef1590d599
buy 26f437c4ef414848be1d8855ae49d184
2019-08-08 15:19:00+05:30 28274.0 28245.5
yoyo 2019-08-09 09:16:00+05:30 27813.1 28342.0 28400.05
29179.454999999998 27776.525999999998
buy 6a7309811a8c42d2ad642199c0afaad1
buy 0f63e235b490413f808f73c478a43ef0
2019-08-09 09:19:00+05:30 11123.0 11100.55
yoyo 2019-08-13 09:16:00+05:30 11108.0 11119.0 11129.0
11332.848333333333 10965.921333333334
buy ae0dbd9ab88b49cea1e4187cae6bcb2c
sell bafdd1bc17354a819954d66334eb0bd9
2019-08-13 14:39:00+05:30 27795.7 27770.6
sell 816969bb0a564cf58d31470b0e8dcdd2
2019-08-13 14:40:00+05:30 10969.95 10965.35
oyoy 2019-08-14 09:16:00+05:30 11129.0 10917.9 10999.1
10798.9385 11159.2292
sell 8fab81ec16204ee5b0c773d75ac27996
oyoy 2019-08-22 09:16:00+05:30 28050.3 27760.0 27715.0
26951.6 28325.72
sell c85d1f7338ff4ecfa11c84b8afa9071c
buy 34212931ed1541ed8c113b740ad80aa5
2019-08-22 14:04:00+05:30 10809.15 10780.0
buy d7e3785345bf4835b021d27e15cbfea4
2019-08-23 09:16:00+05:30 26944.0 26738.45
oyoy 2019-08-23 09:16:00+05:30 10910.4 10732.0 10706.9
10510.146666666666 10864.302666666666
sell 043995793c7b40779e8494ddaac149b0
oyoy 2019-08-23 09:16:00+05:30 27715.0 27010.05 26895.0
26152.223625 27489.2211
sell 278c28c83ab447aaa75017b2be73c726
buy 36715b2a2882474d9290f3608cf51d9c
2019-08-23 13:43:00+05:30 10864.9 10850.15
buy ef9a5fcc05ee4fa99993eedf19c34f3b
2019-08-26 09:16:00+05:30 27624.4 27350.0
oyoy 2019-08-26 09:16:00+05:30 10706.9 10855.0 10948.4
10749.391666666666 11107.606666666667
sell eb6dba52cfb349b2bf15e8c4280f8133
oyoy 2019-08-26 09:16:00+05:30 26895.0 27034.0 27624.4
26880.965 28219.148
sell a78d2ed9e27e44e8bdb10096bf02a59a
buy 6acb41d4c4de4959ad9c0ecb25d277e1
2019-08-26 10:04:00+05:30 26974.9 26870.1
buy d5ac2eef13ba45709d8803fe06d9f463
2019-08-26 10:06:00+05:30 10770.9 10745.0
yoyo 2019-08-27 09:16:00+05:30 10948.4 11045.0 11090.0
11292.491666666667 10928.006666666666
buy 38cc90ef7f604675b97ab92fa6da1022
yoyo 2019-08-27 09:16:00+05:30 27624.4 27937.0 28090.0
28858.2675 27475.386
buy a2c49df650f947bdb19efc240c4574ac
sell ef7cfa42e6724d218ea47f6c4c5073f5
2019-08-29 09:16:00+05:30 11019.0 10805.55
yoyo 2019-08-29 09:16:00+05:30 11102.7 11052.65 10805.55
11008.181916666666 10643.444466666666
buy 1ab1f9cf57014b6fb898421eb903d48c
sell ecfd3331a98d4ca98b8e6b0afa64fe6b
2019-08-29 09:51:00+05:30 11008.25 11001.35
sell fad7cc719e124473bc8feaa31072d1f4
2019-08-29 10:42:00+05:30 27499.9 27472.6
oyoy 2019-09-05 09:16:00+05:30 26824.35 27187.0 27160.05
26412.407499999998 27758.164
sell 9a844e176521491bbcd07751b0ddb093
buy a211e265a8f045e995e497bae286d037
2019-09-11 10:12:00+05:30 27763.0 27734.1
yoyo 2019-09-12 09:16:00+05:30 11026.9 11046.7 11077.15
11279.672833333332 10915.131733333334
buy f1a4d989880041e385b6aa217084fc37
yoyo 2019-09-12 09:16:00+05:30 27660.55 27789.7 27855.65
28619.86675 27244.2766
buy 850ca80c42f749fb8fac0015ea2449e9
sell f5c39c4ac55b4cc78109ba0f113d84c7
2019-09-17 12:11:00+05:30 10923.9 10912.0
sell ef1108f108164b269da143d50939f0af
2019-09-17 14:06:00+05:30 27304.9 27230.85
oyoy 2019-09-19 09:16:00+05:30 10889.85 10866.0 10831.9
10632.69 10991.268
sell ea6edff99a7744e6846355f9833b1c8b
buy 037b345a07ed43fe9576ba81b449e2d2
2019-09-20 10:57:00+05:30 10992.5 10955.7
yoyo 2019-09-24 09:16:00+05:30 11499.9 11601.6 11632.65
11845.346 11462.493199999999
buy a975b533ba7049739443e8a08d33a74f
sell 7a76e702a0b645fca0b3e0262c730fc1
2019-09-25 13:42:00+05:30 11470.15 11461.0
oyoy 2019-09-30 09:16:00+05:30 11599.0 11577.0 11549.0
11336.755 11718.796
sell 337c23f12ac14518b29abfc4bfd72c9c
oyoy 2019-09-30 09:16:00+05:30 30201.0 30061.3 29890.05
29063.36425 30551.3986
sell 86c6e2ef820649888196169d38519d0a
buy a043347b96364bcc9feaffda260b926a
2019-10-01 10:07:00+05:30 29120.0 29029.0
buy 1cc42f6fd5b44d43af660dc53e956bce
2019-10-01 14:03:00+05:30 11374.2 11336.7
oyoy 2019-10-09 09:16:00+05:30 11224.85 11151.0 11137.4
10932.965 11300.948
sell 2557ac34650f4b65ad5fcf2c187eb275
buy 5af05f47d32e49ea90d1c289e072b61b
2019-10-09 14:37:00+05:30 11301.9 11295.35
oyoy 2019-10-10 09:16:00+05:30 27870.0 28894.6 28690.0
27895.3985 29325.6812
sell b50e988f266d4248b21f4d1c2ec1fb7a
buy 3b0e70b559944d42a43a6b8c4814d8f8
2019-10-11 10:50:00+05:30 27916.2 27805.0
yoyo 2019-10-14 09:16:00+05:30 11289.65 11318.0 11331.0
11538.496666666666 11165.002666666667
buy 8f6c217902f24804973f3d0e6148d24c
yoyo 2019-10-14 09:16:00+05:30 28300.0 28138.85 28317.95
29091.768375 27698.8953
buy a9232e5a6fdf449da51f9f87ef516107
sell 9e35fd1e79484d55b2f216279a423031
2019-10-17 13:12:00+05:30 11539.9 11532.4
sell 59182ed7e26e43a1b653eb5c5e145ce1
2019-10-17 13:40:00+05:30 29150.0 29047.0
yoyo 2019-10-22 09:16:00+05:30 29029.6 29140.0 29397.0
30198.35 28755.92
buy e9cd6ed284874dfe90a9ac193c8696b4
yoyo 2019-10-24 09:16:00+05:30 11610.25 11630.2 11669.65
11882.870333333332 11499.073733333333
buy 770f889c452e4bde9c08ce150e8ec0c0
sell 11e49427a87f481aab0892845f738ce9
2019-10-31 09:16:00+05:30 11890.05 11874.0
sell d763dc2af615456d957bfae3d50133c7
2019-10-31 09:16:00+05:30 30248.75 29752.25
yoyo 2019-10-31 09:16:00+05:30 11852.3 11853.9 11880.05
12097.3715 11706.192799999999
buy eb38a63d74524a77ad31c8dac4ead044
yoyo 2019-10-31 09:16:00+05:30 30015.4 30008.0 30100.15
30925.370000000003 29439.974000000002
buy bf08f52349764d69920581ad09b8e79f
sell 2d8c2fb7789149c2b42bd83acb08f5a4
2019-11-08 12:12:00+05:30 30930.0 30859.5
yoyo 2019-11-19 09:16:00+05:30 31152.0 31035.0 31059.95
31913.412500000002 30377.18
buy e1220e6294844640a8cbffc2c6486894
sell c23dd5ff2cd3423ea77c413195ce1f75
2019-11-25 15:10:00+05:30 12103.0 12091.5
yoyo 2019-11-26 09:16:00+05:30 11928.2 12101.05 12121.05
12342.902583333333 11943.567933333332
buy 71641590ea794826935ed4734a1610de
sell 8c6392d966504291a8b6ddf2a1657732
2019-11-28 09:16:00+05:30 31954.55 31874.25
yoyo 2019-12-02 09:16:00+05:30 32100.5 31990.0 32079.95
32959.675 31376.170000000002
buy 7756f22179be41fa994c8516317657c0
sell 7da061d74847442f98fa5014473b4aeb
2019-12-06 14:09:00+05:30 31425.0 31362.1
sell 39a2da6b9298416890c8ccdb1727310a
2019-12-06 14:10:00+05:30 11961.4 11943.3
oyoy 2019-12-09 09:16:00+05:30 31799.95 31398.95 31374.9
30511.428875 32065.676900000002
sell 848ef97be3ca43b099887c93adf2bab4
yoyo 2019-12-12 09:16:00+05:30 11907.95 11942.0 11998.95
12217.886666666667 11823.800666666668
buy cb004653e19e477495c0d8dd88d195aa
buy 972f332b3f464d6ea43ab683b0727c04
2019-12-13 12:16:00+05:30 32070.0 32029.65
yoyo 2019-12-16 09:16:00+05:30 31860.45 32095.6 32197.65
33080.279 31491.5468
buy acea426a435d427dac29bed770bbd08e
sell f58b5d4eae6b459db1df82d4c8ff9a35
2019-12-17 09:36:00+05:30 12218.15 12215.25
sell 4c929e0d97e54a8598035a5704908317
2020-01-06 11:31:00+05:30 31509.75 31484.0
oyoy 2020-01-23 09:16:00+05:30 12245.65 12149.0 12138.85
11916.118333333334 12317.035333333333
sell 8524c809849b4d3290f208fe3761216b
oyoy 2020-01-23 09:16:00+05:30 31150.0 30818.0 30800.0
29952.505 31477.996
sell 1b5bdc3fcb494bb88fdb82a36546b09a
buy 9984fec74de7468fb7abf6286e9ab21c
2020-02-03 09:15:00+05:30 11639.6 11628.55
buy ba68604af0cf4afca7b5109c1458e5d1
2020-02-03 09:15:00+05:30 29808.0 29770.0
yoyo 2020-02-06 09:16:00+05:30 11963.35 12089.5 12096.9
12318.540833333333 11919.587333333333
buy e41c8be9feb9461496301c9bdba8ee72
yoyo 2020-02-06 09:16:00+05:30 30760.05 31060.0 31200.0
32054.15 30516.68
buy 3453cd4f2f7042869f2a46d092bb0071
sell f1ddd4cf39e44c57bbf99fb0ac122ae3
2020-02-18 09:26:00+05:30 30528.3 30508.05
oyoy 2020-02-20 09:16:00+05:30 30875.0 30862.45 30784.0
29935.282625 31462.9739
sell 7f435933fdee49e090ff57274a829e83
sell 9b4a8251e4754c61b0bc9cd554ffb1e1
2020-02-24 09:18:00+05:30 11923.25 11912.2
oyoy 2020-02-27 09:16:00+05:30 11739.65 11699.45 11665.35
11450.860083333333 11836.941933333334
sell 0732e7b823cc43949dfdd9a2efaa261c
buy 7e27261765cb413da61a50b69e26f3a7
2020-02-28 09:16:00+05:30 11400.05 11331.65
buy 72fc44f3b3ef43f1a5701d0432f66510
2020-02-28 09:16:00+05:30 29650.0 29375.6
oyoy 2020-03-02 09:16:00+05:30 11380.0 11160.25 11283.0
11078.395416666666 11446.683666666666
sell 892f5d84b68840d49fc324496fa7683a
buy 8b160ef6d6164b4aa335a8f97859dfdb
2020-03-02 15:12:00+05:30 11098.6 11063.2
oyoy 2020-03-04 09:16:00+05:30 11179.9 11319.8 11298.4
11090.870333333332 11464.423733333333
sell 9d9955ce793b42e3a3d71dddf4de46aa
oyoy 2020-03-04 09:16:00+05:30 29080.0 29286.1 29115.0
28309.63225 29759.2942
sell 5d09c4dfebdf4fc79a51af70ccba69d5
buy 2bf3922a9a064cf4b02403c24205c8b0
2020-03-04 13:41:00+05:30 11104.9 11086.0
buy 502e71cb7e1e4baba55531f6555c7a0d
2020-03-04 13:42:00+05:30 28332.9 28261.1
yoyo 2020-03-06 09:16:00+05:30 11294.65 11243.9 10906.95
11113.088166666668 10742.039466666667
buy 8c73951ba7ba4a209da146106eb4c159
sell 9cbeba9ef5ab4668a3122a71328fa143
2020-03-09 09:16:00+05:30 10689.95 10634.4
oyoy 2020-03-11 09:16:00+05:30 27111.1 26482.0 26349.95
25621.695 26932.554
sell ff019fd783784a1ca8720b432b588fe1
buy 5f7a84e7c10b4bf88b62231e3d153179
2020-03-12 09:16:00+05:30 25200.0 24900.0
oyoy 2020-03-17 09:16:00+05:30 9514.4 9101.85 9224.95
9058.082750000001 9358.443800000001
sell a0d74b20671e467ca53a61c0ff8632f5
oyoy 2020-03-17 09:16:00+05:30 24311.3 22900.0 23193.3
22563.55 23697.1
sell 959b6f1c3e624012946601dfeaba2c53
buy 1c2ecc3886e14ed588eb369e73dd89c3
2020-03-17 09:17:00+05:30 9132.35 9037.15
buy d0e95855e32741a88203a3165520999a
2020-03-17 09:24:00+05:30 22611.5 22450.05
oyoy 2020-03-18 09:16:00+05:30 9224.95 8906.85 9040.7
8877.40775 9171.3338
sell b897af7ef107435fa36f7ae2cf8971ed
oyoy 2020-03-18 09:16:00+05:30 23193.3 21946.3 22198.95
21595.426750000002 22681.7686
sell 34730be3244442188718e924157a81e0
buy 3d811e8b7210493b9164d87eaa2c3a26
2020-03-18 09:47:00+05:30 8891.35 8870.1
buy 03792c404b3d416c92de1284f6b3d748
2020-03-18 09:52:00+05:30 21662.7 21590.05
oyoy 2020-03-24 09:16:00+05:30 7850.8 7591.75 7879.15
7739.9679166666665 7990.495666666667
sell f6f9ccf314d34c6dab731d8033b51d10
oyoy 2020-03-24 09:16:00+05:30 18264.95 16960.0 17550.0
17083.6 17923.12
sell c1532dad99814625b399db4480c8fb07
buy 9b1146711cbc4826ab6dea100cdb43ed
2020-03-24 09:32:00+05:30 7775.55 7718.1
buy 2610b464c8b8410bbf2e69ed99513799
2020-03-24 09:32:00+05:30 17106.4 16888.0
yoyo 2020-03-26 09:16:00+05:30 7741.9 8354.8 8389.75
8542.921333333334 8267.212933333334
buy b03b65687c0f4f9caa80f8cab8cd606d
sell dc00d34b7cc44a2ea4a26f67a32bf616
2020-03-26 10:00:00+05:30 8558.25 8528.0
yoyo 2020-03-30 09:16:00+05:30 8938.65 8672.0 8440.0
8598.986666666668 8312.810666666666
buy e0a9c5c6d0db4b56b9d0f341a3acf1a0
yoyo 2020-03-30 09:16:00+05:30 20251.0 19799.95 19086.0
19630.498625 18650.4011
buy 457f0d0ed7e64df382fd6348f23cb316
sell 712c17075a81405d84be41632605b982
2020-03-30 09:41:00+05:30 19690.0 19548.05
sell d3bb16d13585441597bd4a260a4319b7
2020-03-30 10:05:00+05:30 8610.2 8580.05
oyoy 2020-03-31 09:16:00+05:30 8440.0 8300.0 8499.5
8347.333333333334 8621.233333333334
sell 04249cc4c92c46ad90ea4d8004939f70
buy 63da792db3764739a08fa52cac2bbc5b
2020-03-31 12:50:00+05:30 8623.4 8610.0
oyoy 2020-04-01 09:16:00+05:30 8499.5 8581.0 8558.0
8400.681666666667 8683.854666666666
sell b15d81508c694a7cb81d95e80b50ef8c
oyoy 2020-04-01 09:16:00+05:30 19284.7 18999.95 18900.0
18377.501375 19317.9989
sell 69de83b6bae74c8ea88d078aa943b1ee
buy 5c149abf270e440b9e93b055e3b0502c
2020-04-01 09:46:00+05:30 8413.45 8400.55
buy 1a7f8633b95545c2a29e59567cc717b5
2020-04-01 10:11:00+05:30 18465.8 18355.0
oyoy 2020-04-07 09:16:00+05:30 8259.7 8106.15 8450.85
8302.23725 8569.7402
sell 2987930811314ac8bc3ccfa176bb1ed7
oyoy 2020-04-07 09:16:00+05:30 18226.1 17225.0 18254.55
17780.8625 18633.5
sell cdf8e08fdb3c4a82ab4c0487ed7edd88
buy 1aa58a3614724658986952fd8f9529a1
2020-04-07 11:26:00+05:30 8572.2 8556.95
buy f6d5aa0c14d846d3b00bfb7cdaf733d1
2020-04-07 12:49:00+05:30 18647.0 18610.25
yoyo 2020-04-08 09:16:00+05:30 8450.85 8883.0 8748.0
8910.855 8617.716
buy e23f0a6c57cc417493cb5fc1f5f99b45
yoyo 2020-04-08 09:16:00+05:30 18254.55 19196.4 18816.0
19343.901 18393.6792
buy f757b5af83f34881b41f2a54de365c32
sell e344d5d536ba48a7bf998a70755a1be0
2020-04-08 09:46:00+05:30 8940.0 8899.25
sell c8f13477b5cc4bb3b17b2f9384205e5c
2020-04-08 09:50:00+05:30 19345.0 19210.3
yoyo 2020-04-13 09:16:00+05:30 8910.0 9072.0 9010.0
9176.32 8876.944
buy e626585c542b445c9915b2a05380c6cc
sell 8e297749e757453e9fb6023d3e878a1d
2020-04-15 09:16:00+05:30 9200.0 9153.0
oyoy 2020-04-16 09:16:00+05:30 19986.0 19046.0 18905.35
18381.585 19324.361999999997
sell e56f0b6c5c5f4a99a1b6292473a4ab01
buy 5d70e54c5626479589968dbd0aa01e33
2020-04-16 11:29:00+05:30 19338.55 19254.4
oyoy 2020-04-17 09:16:00+05:30 18905.35 19508.95 20350.0
19813.503875 20779.1969
sell 700937b41d7f4023a6641be1224865a1
buy b8d1b48481474c1ea484932676e323ae
2020-04-17 10:49:00+05:30 19950.0 19810.0
yoyo 2020-04-21 09:16:00+05:30 9332.05 9265.05 9031.05
9200.909249999999 8895.1626
buy 36edbfcfd95b47a9ac75db6d2630fb25
yoyo 2020-04-21 09:16:00+05:30 21086.85 20456.0 19825.0
20387.54 19374.968
buy 7b36784d0c0f403aa5143ac205aa7239
sell 9ddd7afabf4d4291ba3a1570adfdac04
2020-04-21 12:31:00+05:30 19454.55 19374.55
oyoy 2020-04-22 09:16:00+05:30 19825.0 19250.0 19240.0
18710.625 19663.5
sell d8c62d9df9db474d9510593c5642e8d2
buy 1bb48898070f4dacaf104bcfc8f2062f
2020-04-22 14:33:00+05:30 19667.55 19609.8
sell f71f75eb83c445f2a980c592134ac38b
2020-04-22 14:44:00+05:30 9206.25 9185.05
yoyo 2020-04-24 09:16:00+05:30 9200.0 9287.1 9165.0
9335.2635 9028.7892
buy 27c5f660fdf34ed390fd759d6d816ce7
yoyo 2020-04-24 09:16:00+05:30 19797.95 20109.0 19734.8
20287.7975 19292.402
buy cde36a5db12b4bcd8347812464ca9ddc
sell 054be9c61a1e455f80056b83609b01ac
2020-04-27 09:45:00+05:30 9339.0 9324.15
sell 00cc0b7af7e64c8e98926467c9eb05c8
2020-04-28 09:16:00+05:30 20488.8 20310.05
yoyo 2020-04-29 09:16:00+05:30 9379.0 9418.0 9425.0
9597.663333333334 9286.869333333334
buy 4993b7bacd2f4efaa193e22399b447b1
yoyo 2020-04-29 09:16:00+05:30 20399.45 20749.0 20540.05
21110.6475 20083.572
buy f152e84406f845c085e128314a8889be
sell 8a07e982031b41bea9108334446f14b1
2020-04-29 14:43:00+05:30 21116.0 21090.95
sell 83385eae3c21461696802e8a0c1dc478
2020-04-30 09:16:00+05:30 9736.0 9693.65
yoyo 2020-05-04 09:16:00+05:30 9662.59 9860.9 9418.5
9599.283166666666 9273.873466666666
buy 5704731b1ed846d58fe07f7038794f89
yoyo 2020-05-04 09:16:00+05:30 21414.91 21535.2 20600.0
21192.218 20126.2256
buy 64f9a92a24f54057b73e8d0b5a96d26b
sell de7ed86ddb1e46468dff287b3e8bc5ae
2020-05-04 09:21:00+05:30 20188.8 20100.0
sell 154032ce21c34e21919711f8e099f230
2020-05-04 14:36:00+05:30 9277.0 9267.0
oyoy 2020-05-05 09:16:00+05:30 9418.5 9294.35 9411.0
9240.603583333334 9547.317133333334
sell bd2d78aede1a4132a2300e532303a63a
oyoy 2020-05-05 09:16:00+05:30 20600.0 19676.05 19906.05
19364.958625 20338.9231
sell 232ebe95ddc2490fa17cf3727efc1748
buy b2900b8bf2b74542b8849ebe53969b83
2020-05-05 14:37:00+05:30 9252.9 9226.2
buy d3aa57ee8b8a4c30a36d5d5e62c5455a
2020-05-05 14:37:00+05:30 19430.0 19362.5
oyoy 2020-05-06 09:16:00+05:30 9411.0 9224.9 9214.95
9045.826833333334 9350.248533333333
sell 59fd67630a454d6da9174367a90a3db9
oyoy 2020-05-06 09:16:00+05:30 19906.05 19289.4 19219.2
18688.7415 19643.5668
sell d8f6faf81f344a47b307d1b06d9aea63
buy 1394732f3f284d56ab1a2a4e460f1ba9
2020-05-06 10:28:00+05:30 19659.4 19583.8
buy 3b31317147414147ad4c248441fd1beb
2020-05-06 10:58:00+05:30 9359.5 9333.05
oyoy 2020-05-08 09:16:00+05:30 9157.4 9216.8 9348.9
9179.925333333333 9484.079733333332
sell ceb61862b37b40f7a00f88c83f55902f
oyoy 2020-05-08 09:16:00+05:30 19470.0 19541.0 19825.0
19287.6225 20254.902000000002
sell 8e2c1159bfae49f986d2592eb47fc7d2
buy bfcba4fd0ba14f99be98d83d9a66a3e9
2020-05-08 14:51:00+05:30 19350.45 19283.05
oyoy 2020-05-11 09:16:00+05:30 19825.0 19279.0 19489.85
18959.677499999998 19913.987999999998
sell 15fad2046f474f77b560fded544f7e5e
buy 2e1e16877e9f4984ba345ba658926d09
2020-05-11 14:44:00+05:30 18980.0 18951.15
buy 3477d5888f73451db92b33a58e50cacf
2020-05-12 09:16:00+05:30 9150.0 9121.2
yoyo 2020-05-12 09:16:00+05:30 9335.85 9229.0 9138.0
9307.198333333334 9002.641333333333
buy 8f8607e80fd44204978ef8a23af54bd3
sell ef6ba08b52a7420abcdc26a46779b386
2020-05-13 09:16:00+05:30 9557.0 9501.75
oyoy 2020-05-13 09:16:00+05:30 9138.0 9225.95 9530.9
9361.757583333332 9666.213933333333
sell 037c76fa550a43cb82d3d6d3f00f4db0
oyoy 2020-05-13 09:16:00+05:30 18696.0 18864.0 19950.0
19431.24 20365.008
sell c257831b29f84a318529eed419779cd9
buy 0967128b509b40ffae09716bfd7a0377
2020-05-13 09:46:00+05:30 9378.2 9356.6
buy 2dbf73d026f0416d90844d4b3c4c8261
2020-05-13 13:17:00+05:30 19475.65 19423.0
yoyo 2020-05-14 09:16:00+05:30 9530.9 9390.1 9242.4
9414.551833333333 9104.678533333334
buy b2c195c1d839414eae68af0759afbcfd
yoyo 2020-05-14 09:16:00+05:30 19950.0 19618.55 19225.65
19765.160125000002 18794.0419
buy 1749f6d18dee4370a056fad86f178815
sell aeb5a99b517e4ab2ad5e63b10243adab
2020-05-15 09:16:00+05:30 9167.6 9088.45
sell 3112c4eaaef2428bbd293c9f88ae2c82
2020-05-15 09:16:00+05:30 19079.65 18754.7
yoyo 2020-05-15 09:16:00+05:30 19225.65 19050.0 19079.6
19603.475 18660.5
buy 081c68a347e54c1dabb703223c42a995
sell b82a07169fd44a83a1210f5501c03880
2020-05-15 10:40:00+05:30 18711.0 18651.0
oyoy 2020-05-18 09:16:00+05:30 9163.95 9120.0 9108.0
8940.8 9241.76
sell 078d5dc005c34107b569f1f725646382
oyoy 2020-05-18 09:16:00+05:30 19079.6 18762.95 18705.1
18189.118875 19117.884899999997
sell 7cdd5021169c43568f7feb2821b65356
buy 9ca90bb9d0e0477f909a27bffeb8998a
2020-05-18 09:37:00+05:30 18245.9 18067.05
buy 819510ddb761487fa7706eec1466be11
2020-05-18 09:44:00+05:30 8952.0 8936.0
oyoy 2020-05-19 09:16:00+05:30 9108.0 8829.5 8971.0
8809.125833333334 9100.499333333333
sell c1f64be5c8da455fb05b693f6970ecd1
oyoy 2020-05-20 09:16:00+05:30 17735.0 17440.05 17390.0
16910.398625 17773.6811
sell 043bcb7a5d0f4fdb970e3f95fe5b00d8
buy 1c11ed4481de4180bd04fa322a0066a2
2020-05-20 14:22:00+05:30 17791.9 17698.8
oyoy 2020-05-21 09:16:00+05:30 17390.0 17938.45 17923.3
17429.992625 18317.9459
sell c0b0d2d42e214e0392e4fd1caedf4c35
buy b5b3f0925e664800ae694c71c7e6ad50
2020-05-21 09:18:00+05:30 9111.6 9091.4
buy f316f7305d8e4de89ccfdeb9ed37568c
2020-05-22 09:16:00+05:30 17604.95 17360.0
yoyo 2020-05-22 09:16:00+05:30 9068.9 9066.2 9001.4
9167.613666666666 8868.429066666666
buy 2a13732390aa43aaa68120bcc0381a90
oyoy 2020-05-22 09:16:00+05:30 17923.3 17630.0 17499.5
17014.675 17887.36
sell 3fb8eacc8090486ebdd6b7789290d1fd
buy e8e5d55874df49ee82d124262ab3603a
2020-05-22 09:30:00+05:30 17893.85 17606.7
oyoy 2020-05-26 09:16:00+05:30 17499.5 17295.0 17525.0
17049.3875 17905.49
sell e891826d2b7e41118dabbc1217851306
buy f61789c90f7745c49c44fba22e74023c
2020-05-27 12:17:00+05:30 17929.4 17862.05
sell 85c5db435f3f41e29c429964630eac71
2020-05-27 13:09:00+05:30 9167.9 9159.5
yoyo 2020-05-28 09:16:00+05:30 9078.95 9311.1 9328.3
9499.003499999999 9191.7372
buy f53d22fd393048cea63a2d9babaf6a38
yoyo 2020-05-28 09:16:00+05:30 17556.75 18663.05 18816.55
19329.783875 18405.9629
buy 58d9d44789204419ba442001b27acb31
sell 44ba7190c5ef43e7b1202a879b060c77
2020-05-28 11:02:00+05:30 19433.45 19268.65
yoyo 2020-05-29 09:16:00+05:30 18639.67 19170.2 18918.0
19445.1805 18496.2556
buy 8741b0ee37ce4761a8e1c11ec8a320e5
sell d5cfd49c6107490a8d073aa47f11e90f
2020-05-29 15:05:00+05:30 9504.45 9495.55
sell 75e33a2af8be4e798aed8c8c30556870
2020-06-01 09:16:00+05:30 19698.95 19450.0
yoyo 2020-06-02 09:16:00+05:30 9660.15 9778.0 9830.85
10010.113333333335 9687.439333333334
buy 879f80f7e9cb44ff8372477553ae2242
yoyo 2020-06-02 09:16:00+05:30 19490.35 19857.25 19880.0
20426.074375 19443.1405
buy c4b4945fc3f84911b8fc28cd0778417d
sell d3e31c6bfe444276920e4ec55dbd1352
2020-06-02 14:50:00+05:30 20445.6 20396.05
sell 74e1dfea4c38440fb723ff675dfe5a0f
2020-06-03 09:16:00+05:30 10102.4 10065.0
yoyo 2020-06-05 09:16:00+05:30 10060.2 10016.0 10066.65
10250.276666666667 9919.748666666666
buy 98c20ef6e78d42de8b16227de6de81d6
yoyo 2020-06-05 09:16:00+05:30 20862.65 20345.0 20431.0
20990.4875 19983.41
buy 2b1b9f4799f348738b2eff2ae72133f7
sell e1481e3cd4e84960bbe3e6e217b9eb7d
2020-06-05 15:12:00+05:30 21038.0 20977.15
sell 5995bad7a41540f1932c8b44b788c8ca
2020-06-08 09:16:00+05:30 10318.7 10278.0
yoyo 2020-06-09 09:16:00+05:30 10293.9 10168.0 10192.15
10378.563333333334 10043.019333333334
buy 794bcb6b001449759caf898b08d7c68c
yoyo 2020-06-09 09:16:00+05:30 21685.35 21181.0 21201.05
21783.5275 20735.068
buy 904185c361b0421db43f4b47d66dfbcf
sell a2bd25e12e1a449d968cbdb64803b43b
2020-06-09 14:36:00+05:30 20765.35 20722.0
sell 7b99c90af0844e9dbde6996e4eb5071e
2020-06-09 14:39:00+05:30 10055.0 10035.7
oyoy 2020-06-10 09:16:00+05:30 10192.15 10008.5 10076.55
9893.060833333333 10223.341333333332
sell 2e798dbec97c46b98dfc1a8bf9e7e8a4
yoyo 2020-06-10 09:16:00+05:30 21201.05 20585.5 20685.0
21251.10125 20232.119
buy 46043729f4c64086acf9c8b729437b62
sell 4dec88420f8148fc8e62cdb007cb22df
2020-06-10 15:17:00+05:30 21288.0 21212.55
buy 7821db9242f44a00ad23bcf35583da85
2020-06-11 14:41:00+05:30 9906.0 9888.2
oyoy 2020-06-15 09:16:00+05:30 19555.0 20580.1 20405.7
19839.74725 20858.4622
sell ce1b45505124410089f619d0d4bae880
buy 36a9960b80614922a6d95bcfef3a6789
2020-06-15 10:51:00+05:30 19856.0 19811.0
oyoy 2020-06-16 09:16:00+05:30 9875.9 9820.0 10018.15
9838.116666666667 10162.176666666666
sell 45e9fdd49d2942dbbacc9b5ff072555b
oyoy 2020-06-16 09:16:00+05:30 20405.7 19911.15 20503.0
19955.443375 20941.0453
sell 0685a5b28d4b499ea24d1ff63735cbf7
buy 1ea6b727a74e4ade849d0b5520e4a412
2020-06-16 13:05:00+05:30 20019.2 19932.0
buy 39c077a10fdf4af2847c79c752f41d3c
2020-06-16 13:06:00+05:30 9843.9 9819.2
oyoy 2020-06-18 09:16:00+05:30 20048.6 20142.0 20080.0
19526.095 20523.124
sell 597377c15cd6488684c3cbbd38ca9381
buy 83feda1c19c44cc6b550f7a88c240a6d
2020-06-18 13:47:00+05:30 20525.1 20485.0
yoyo 2020-06-22 09:16:00+05:30 20890.0 21302.0 21450.0
22035.805 20981.356
buy 56de9cabcc754b07aa86ac4017ddbdba
sell 7042975e1d024de585401f9dc61eb46d
2020-06-22 14:02:00+05:30 22063.3 21965.95
yoyo 2020-06-23 09:16:00+05:30 10248.0 10305.0 10328.05
10516.974999999999 10176.91
buy 7a6b545d53f84a22b2bd8b7dd28756d4
yoyo 2020-06-23 09:16:00+05:30 21450.0 21744.4 21779.25
22377.221 21300.8732
buy 7a0ea139f40b404584a94fb004f18ae4
sell 9102f67b018948acb1f0f0f2111f5187
2020-06-24 09:16:00+05:30 22494.85 22317.35
yoyo 2020-06-24 09:16:00+05:30 21779.25 22359.9 22494.85
23109.74725 22002.9322
buy b8e9824e70fc40a1a80bc3e331acc7f4
sell fd9b180c0d914fc9aded2911d43cf617
2020-06-24 10:12:00+05:30 10525.45 10510.0
sell 5d6127ed1ee4444b8441950b5921d072
2020-06-24 11:33:00+05:30 22074.85 21988.0
yoyo 2020-06-25 09:16:00+05:30 10499.3 10299.15 10196.0
10384.81775 10044.9458
buy 061535b404604d1db8c6858c72e8ca65
oyoy 2020-07-01 09:16:00+05:30 21443.0 21245.05 21190.0
20605.761125 21657.3911
sell fc564fcdebb0462289a97404393ebc92
buy 02c39d830cc344b1a116f99dbbd8082f
2020-07-01 11:29:00+05:30 21677.25 21615.0
sell 371abb32695e46269dbfc7477a13404a
2020-07-01 12:46:00+05:30 10385.9 10367.0
yoyo 2020-07-02 09:16:00+05:30 10266.35 10395.0 10451.05
10641.625 10298.59
buy 529183782b584400920d7f859d47a439
yoyo 2020-07-03 09:16:00+05:30 22080.8 22014.0 22149.0
22754.385 21664.692
buy 4df9701f3297490aa3829182e374bf36
sell 520a582b2b1242659409b4cab650f48b
2020-07-06 09:16:00+05:30 10700.65 10664.7
yoyo 2020-07-08 09:16:00+05:30 10761.9 10752.5 10799.65
10996.779166666667 10641.946666666667
buy 3d696e99a789448d8b07c81e162d78b8
sell c73b516126664ceba7fb6b95fcd5fb35
2020-07-08 09:24:00+05:30 22759.1 22733.35
yoyo 2020-07-09 09:16:00+05:30 22618.0 22577.0 22719.25
23340.1175 22222.556
buy d21dc5d79c7a42649f1fda888c6267d6
sell 6b6c9ff5f1994c9a8c48a561996bfcb8
2020-07-13 11:11:00+05:30 22338.25 22217.45
sell 5deeafccb0224ba890a16f70a4be0760
2020-07-14 10:56:00+05:30 10652.0 10637.6
oyoy 2020-07-15 09:16:00+05:30 10752.9 10608.0 10682.0
10487.52 10837.584
sell 0a2db27d414348f39323c2431e9d620e
oyoy 2020-07-15 09:16:00+05:30 21942.5 21406.0 21645.2
21056.535 22116.132
sell 665994f4b5e24b55a803a60c2651ed13
buy 79304996eb004f01bcd6f480d8c8a131
2020-07-16 09:31:00+05:30 21075.2 21044.1
oyoy 2020-07-17 09:16:00+05:30 21400.0 21500.0 21459.45
20868.2 21932.45
sell 5a89fbab8dff439f82617df8fc272d47
buy c91a7eab806b49cfbe4b259ba7f0acb1
2020-07-17 14:10:00+05:30 10846.0 10810.0
buy e5d9f5d2f8d14db2ada0277b7a9cb9f4
2020-07-17 15:13:00+05:30 21947.4 21915.45
yoyo 2020-07-20 09:16:00+05:30 10751.3 10931.0 10955.0
11155.401666666667 10794.678666666667
buy 09bed4b551564228ab95e3ab65619f36
yoyo 2020-07-20 09:16:00+05:30 21459.45 22081.0 22230.95
22838.1775 21745.168
buy ada7163b327f4ebf89d537ec726e7cf8
sell 03b4cb94ee7245fcb6af11dddb6335bb
2020-07-21 13:05:00+05:30 11165.0 11148.3
sell 1c0da16aa44f4397978f7117ae3808f1
2020-07-21 14:32:00+05:30 22875.0 22809.35
yoyo 2020-07-22 09:16:00+05:30 11122.65 11176.75 11186.7
11391.607083333334 11022.774333333335
buy df76ba2f80ae4315bade41d157dc70af
yoyo 2020-07-24 09:16:00+05:30 22765.35 23113.6 22850.0
23485.624 22341.5008
buy e4ea9be4dda34540a38d057b987e946f
sell 2672f85f49ce4768bb2ca59b6e021db2
2020-07-24 12:41:00+05:30 22437.0 22321.0
oyoy 2020-07-29 09:16:00+05:30 21921.5 22135.0 22086.95
21478.2375 22573.920000000002
sell 3d0428a1cbe948928585fcdb39534e2a
buy 504fa4e40372407980fdbc49a3a0cd95
2020-07-31 09:16:00+05:30 21709.7 21442.3
sell 884b8eeffc734f309606f1006620a9cf
2020-08-03 09:16:00+05:30 11029.0 10961.4
yoyo 2020-08-06 09:16:00+05:30 11131.9 11132.0 11140.65
11344.736666666666 10977.380666666666
buy 5c62c9f84d874367afeec464741079ab
sell 8e08f8f5b340432faf20ac2a47955e12
2020-08-11 09:16:00+05:30 11369.0 11340.45
yoyo 2020-08-11 09:16:00+05:30 11274.95 11293.2 11349.65
11556.692 11184.0164
buy ce55a7f0165a45a085f8d3925fadf70a
yoyo 2020-08-13 09:16:00+05:30 22122.35 22290.85 22401.0
23013.998375 21910.6013
buy e42c27ce54de4758881cb401fb4121cb
sell c1cc4ae2805744f582557f647f2ce668
2020-08-14 13:46:00+05:30 22039.0 21885.05
sell ce153c27356640cea0d5b75d395810bc
2020-08-14 14:02:00+05:30 11194.9 11181.7
oyoy 2020-08-17 09:16:00+05:30 11341.95 11186.1 11272.65
11067.5715 11436.7128
sell f50171afa7b74e0cb45e6ca383e77ac6
oyoy 2020-08-17 09:16:00+05:30 22300.1 21673.95 21900.0
21303.966375 22376.8269
sell c157f18e299645a09578ac2a4565494e
buy c44a8a9dcb4d4338a2f81f4a4f605b32
2020-08-19 09:16:00+05:30 11449.8 11432.15
yoyo 2020-08-19 09:16:00+05:30 11276.9 11405.4 11436.65
11645.749 11269.370799999999
buy 2121b4939a794e6fa79d22a2ede4e907
buy e3c39395fed2460883ba56c29f882c28
2020-08-19 09:28:00+05:30 22379.95 22359.45
yoyo 2020-08-20 09:16:00+05:30 22293.0 22313.0 22022.0
22635.6075 21531.114
buy a5e855a412bc417b9e78747f12996695
sell 245dfc35371d4ca38b59a1dad0ef091a
2020-08-20 12:37:00+05:30 11304.25 11260.0
oyoy 2020-08-21 09:16:00+05:30 11298.0 11294.15 11394.65
11187.590583333333 11560.297533333332
sell 8350922318e4440086a53fb1a6e884f8
sell a60f4ee3437a46d088d079549560edf8
2020-08-24 09:53:00+05:30 22672.0 22588.2
yoyo 2020-08-25 09:16:00+05:30 22327.25 22806.95 22965.0
23592.191125 22463.2471
buy 14760ffe911d4ebd851a4e4c3219f363
buy 9214da3441a542aeb8c12c030a50ae67
2020-08-27 09:16:00+05:30 11597.0 11567.65
yoyo 2020-08-27 09:16:00+05:30 11480.8 11554.5 11590.1
11801.9325 11420.634
buy 56afb01b4ec8417c837a13c36072da8c
sell f69f29292a5c48059941b3baf5d9f18d
2020-08-27 09:18:00+05:30 23604.45 23575.55
yoyo 2020-08-28 09:16:00+05:30 23500.25 23603.15 23679.9
24328.986625 23160.6307
buy fdd841da78f247ef9bfb39f412a8d15e
sell 7b4d802123204a629176f6c19c0c8fdf
2020-08-28 11:36:00+05:30 24350.0 24235.0
sell a6cb98884c03430ea2afc72310b42b2b
2020-08-31 14:24:00+05:30 11422.3 11412.0
oyoy 2020-09-01 09:16:00+05:30 11764.9 11359.8 11449.65
11241.386999999999 11616.2604
sell 3cec929b93434e8b8658b8539862d75b
yoyo 2020-09-01 09:16:00+05:30 24900.05 23660.45 23850.0
24500.662375 23329.4701
buy e03f45ce0ede458d9baf4019ab1154aa
sell f1b90164252541ce8910bdafb830d1c2
2020-09-04 09:16:00+05:30 23300.0 22969.95
oyoy 2020-09-07 09:16:00+05:30 23300.0 23082.05 23016.35
22381.593624999998 23524.1551
sell 568107a8e1284677b05875979d3eb5de
buy 2793126bc0be41c6afae2efaaa29cfd5
2020-09-09 09:16:00+05:30 11261.5 11215.0
oyoy 2020-09-09 09:16:00+05:30 11348.0 11305.35 11245.0
11037.73525 11410.8118
sell 3a7c276b45e4479587f2df2047d1761a
buy 5784dc29cc964c45b0366f8647bb3dad
2020-09-09 09:53:00+05:30 22411.0 22380.1
buy 1daf51b982dc45e9ac990ce627bde173
2020-09-10 10:56:00+05:30 11411.55 11404.5
oyoy 2020-09-11 09:16:00+05:30 22485.0 22533.5 22450.55
21830.87875 22946.287
sell 3838a6529e804b1da28cb62e8bf41cc3
yoyo 2020-09-14 09:16:00+05:30 11430.4 11467.0 11518.55
11728.778333333332 11350.367333333332
buy ee8419e4eb904956ab94facf9272b57e
buy 45bbb1212b1a495ea5fcc6cacbea2a24
2020-09-18 14:36:00+05:30 21876.85 21808.1
oyoy 2020-09-21 09:16:00+05:30 22391.35 22121.0 22025.0
21416.6725 22511.662
sell 01a4661d25bf4483a2d6aae6c22c602a
sell 4bad57f390754715a4488c81cb49c047
2020-09-21 14:11:00+05:30 11354.0 11341.4
buy 79d504b3edd249ec983044d310de4a66
2020-09-21 14:18:00+05:30 21442.35 21383.0
oyoy 2020-09-25 09:16:00+05:30 11047.3 10806.25 10906.65
10708.535416666666 11065.141666666666
sell 0ebaacec71a941a5863c56e6f85ef2fb
oyoy 2020-09-25 09:16:00+05:30 21026.21 20455.1 20710.0
20147.48475 21160.0122
sell b73b754328f54e26b6b9196350703560
buy bf88171d96bb4f989a071adc52058a08
2020-09-25 14:41:00+05:30 11073.85 11037.75
oyoy 2020-09-28 09:16:00+05:30 10906.65 11031.9 11123.9
10921.6485 11285.7012
sell df176e0f41894b52917daa1e9463d487
buy 0ef50ae8920940c1be673a7c0ebfae49
2020-09-28 09:18:00+05:30 21173.15 21127.6
buy 2c2ae561592d4f55b4323d940dff678e
2020-09-29 09:19:00+05:30 11291.65 11283.05
yoyo 2020-09-30 09:16:00+05:30 11272.0 11238.0 11249.95
11455.980000000001 11085.126
buy e70f4300bd4a4df6abc341b80edac8ac
sell 33574cb6a9c841819e6d24339c3b2708
2020-10-05 09:16:00+05:30 11499.7 11450.15
yoyo 2020-10-05 09:16:00+05:30 11356.7 11443.45 11460.05
11669.846583333332 11292.212733333332
buy 8ae3c53c2d5444d0bbdac99af998ca98
yoyo 2020-10-05 09:16:00+05:30 21676.0 22292.25 22319.5
22932.536875 21829.0705
buy 1ea10add455d414a9cf957340290d75e
sell b418d5d8419f48aea530069cc5a8a799
2020-10-06 14:49:00+05:30 22939.0 22896.3
sell 7c42639f61ba48968e99cd3bd120b3f6
2020-10-06 15:15:00+05:30 11669.85 11666.0
yoyo 2020-10-08 09:16:00+05:30 11676.15 11756.0 11823.2
12038.726666666667 11650.778666666667
buy c7fdaa29d89f4924affbc5c12034266b
yoyo 2020-10-08 09:16:00+05:30 22850.0 22999.8 23179.95
23812.4445 22673.954400000002
buy 07ef89315a004df4bb87048ab6193286
sell d9b6a108a564451eb953480a1e624331
2020-10-09 11:09:00+05:30 23815.0 23752.55
yoyo 2020-10-21 09:16:00+05:30 24165.0 24347.0 24484.0
25153.5425 23948.366
buy ff2b2e0806cd43dca2c8d369f27139ff
sell a5812c75c16442e8b4286d70b2904136
2020-10-26 12:59:00+05:30 24030.75 23926.1
sell c6da2983577940eebaf0f50bdc01125e
2020-10-29 09:16:00+05:30 11653.95 11628.0
oyoy 2020-10-30 09:16:00+05:30 11628.21 11672.0 11649.95
11435.963333333333 11821.139333333334
sell dece7400336441ea9eb8fffc4fa15896
oyoy 2020-10-30 09:16:00+05:30 24013.84 24095.8 24049.95
23387.3155 24580.0576
sell 032fc19f06b848d6a4ecc4a4cb83c18f
buy 182a8a6501ec446bb8193a2a5f9f366e
2020-11-02 11:16:00+05:30 24590.0 24519.5
yoyo 2020-11-03 09:16:00+05:30 24245.2 24899.95 25110.0
25794.748625 24562.2011
buy 79c71950488d43c4add2068e1cacaaf3
buy bacb86863d444b378996e4ce2b28c58b
2020-11-03 11:00:00+05:30 11822.0 11815.0
sell 94e7dc00a3aa48999cdd2c229c0f640b
2020-11-04 14:29:00+05:30 25822.0 25752.0
yoyo 2020-11-11 09:16:00+05:30 12582.65 12664.8 12692.0
12924.188 12506.2496
buy 9a197a9ab60d4a768d3eda96a6cf0a17
yoyo 2020-11-11 09:16:00+05:30 28000.0 28647.0 28698.25
29486.0425 28068.016
buy c99d74b9e7424009a69cbc2f878701f7
sell 8160271c33694486ab49c1b08f342826
2020-11-13 09:16:00+05:30 28148.0 27879.05
sell 2b4b0508323c41cba996ced6fdf61cf6
2020-11-18 13:51:00+05:30 12927.15 12909.1
yoyo 2020-11-19 09:16:00+05:30 12863.65 12965.35 12857.7
13095.398083333333 12667.541533333335
buy 617ff679b9a648edbdd34be8ac8d2d4a
yoyo 2020-11-19 09:16:00+05:30 29049.95 29757.0 29375.5
30193.8175 28720.846
buy 900860f8a8514837939d3ce22e723664
sell 3dc77db6282543d2b8cb3c43b027248f
2020-11-20 09:16:00+05:30 28976.2 28703.05
sell ffaf26bf44cb4c1b83f541ceb5a30f5f
2020-11-25 09:16:00+05:30 13130.75 13116.6
yoyo 2020-11-25 09:16:00+05:30 12977.2 13080.0 13130.15
13369.949999999999 12938.31
buy a10eb72c7ea74ebbb53ec4d41e889daa
yoyo 2020-11-25 09:16:00+05:30 29200.0 29783.0 29953.0
30772.0325 29297.774
buy 1ea2c26f82c143ee8e01b7a5fca846eb
sell 5c1ced16b1ff475581faec235869294f
2020-11-25 14:00:00+05:30 12949.7 12931.65
sell 10784a82f48d4dc8af0b842585b0f103
2020-11-25 14:06:00+05:30 29344.85 29260.0
yoyo 2020-11-27 09:16:00+05:30 29421.69 29554.8 29649.95
30462.707000000002 28999.7444
buy bf0e403e57514d6e8940c36529089a90
yoyo 2020-12-02 09:16:00+05:30 13031.0 13135.0 13144.4
13385.208333333332 12951.753333333332
buy 7d0903f36b784d7aacf3d2ab05e0f3c2
sell 15b9e453b2cc4281b5dd58c0b63f855a
2020-12-07 12:58:00+05:30 13389.0 13380.0
yoyo 2020-12-08 09:16:00+05:30 13268.2 13382.8 13401.05
13646.401333333333 13204.768933333333
buy bea15fc7467741dbb48e706d8e54b4d6
sell 8c36a0675e2341fc8102b99e346db8b7
2020-12-09 09:21:00+05:30 30474.0 30440.8
yoyo 2020-12-11 09:16:00+05:30 30580.0 30602.3 30674.95
31516.51325 30001.6994
buy 3d59159793fa4b9982ddfe37b26bed56
sell d93208e6323b478789c75e19c1daa043
2020-12-16 09:16:00+05:30 13654.95 13642.0
yoyo 2020-12-17 09:16:00+05:30 13652.0 13697.0 13710.15
13961.261666666665 13509.260666666667
buy 761f891f6b40449e880651c74134975d
sell 99ce7bcce03f4007b1cd1536350c5c4e
2020-12-21 14:00:00+05:30 30053.3 29976.0
sell ebe4df93486e47fcbcfbf168fb976bc5
2020-12-21 14:28:00+05:30 13518.95 13500.6
oyoy 2020-12-23 09:16:00+05:30 13339.9 13489.15 13479.85
13232.548916666667 13677.690866666668
sell 4c9bb3154ccc47d58ae541dad57720d3
oyoy 2020-12-23 09:16:00+05:30 29515.0 29670.0 29580.25
28764.325 30232.99
sell 0fb6232a0fac4a6788e1cbd6b6e67ea9
buy 6b5d753496684e01a875b1aaebd23629
2020-12-24 09:16:00+05:30 13677.8 13651.0
buy 0440399d1f7d423caee71a342fa7a926
2020-12-24 09:24:00+05:30 30239.85 30219.05
yoyo 2020-12-28 09:16:00+05:30 30041.05 30420.4 30552.05
31388.611 29882.801199999998
buy 170a7b60ba804425b245dcacf645d061
yoyo 2020-12-29 09:16:00+05:30 13845.0 13897.25 13949.7
14204.482916666668 13745.873666666668
buy 01207bc59285498e8c596333bb2f962a
sell 2965d000d10e4b4fb484e8df5781a3f4
2020-12-29 13:10:00+05:30 31395.0 31305.55
yoyo 2020-12-30 09:16:00+05:30 31060.05 31370.0 31489.0
32351.675 30798.86
buy 02d3972712404acf8fa9b8fcfcbdc87f
sell 51bc74c7a2c1404b9af71ef8234f7476
2021-01-05 14:47:00+05:30 14204.75 14194.0
yoyo 2021-01-06 09:16:00+05:30 14110.2 14216.05 14249.95
14510.577583333334 14041.447933333335
buy 8513fd6137c54b949b351f2d3c5ac5df
sell c3c21d1f1c474d67a3553a00919c1427
2021-01-11 09:16:00+05:30 32480.0 32102.3
oyoy 2021-01-12 09:16:00+05:30 32480.0 32115.0 31849.95
30966.787500000002 32556.48
sell fd7b400f2b534cbfb3ecfa36a9ac9642
sell 6936119dae944a43885a4c50cc7ec598
2021-01-12 11:16:00+05:30 14516.0 14507.0
buy 7baccb126cd44ccc8bc27b06dc2c9c18
2021-01-13 09:16:00+05:30 32624.5 32463.8
yoyo 2021-01-13 09:16:00+05:30 14478.0 14599.9 14653.85
14921.514833333335 14439.718133333334
buy a8f3e27ec63d4a65bdf62baac860a139
oyoy 2021-01-14 09:16:00+05:30 32603.0 32658.0 32600.0
31701.905 33318.476
sell 441a0c2f6dd4478aa34dd7368d5d82f3
sell 669efd0544c84f2c94c39524c05cb29a
2021-01-15 14:07:00+05:30 14459.5 14422.75
buy 013498261745478e9fbe6e7cde798bac
2021-01-18 15:27:00+05:30 31715.5 31700.0
oyoy 2021-01-19 09:16:00+05:30 14458.5 14254.05 14380.5
14119.17575 14589.5594
sell 9d062dcd8ec74e9eb5909ce621ed6d07
oyoy 2021-01-19 09:16:00+05:30 32315.65 31708.95 32085.5
31213.503875 32783.0969
sell 1cd0c95c01044a1ca8d0dbd6738a9ef7
buy 7c1d03eb83d140d2b7109ca5093b321e
2021-01-20 09:28:00+05:30 14592.0 14577.5
yoyo 2021-01-21 09:16:00+05:30 14581.0 14633.0 14711.05
14979.321666666667 14496.432666666666
buy cb64f8e81e2b49a48c996c1348920fdc
buy 9ca97b2f68894223843c3ec2d8ce59bf
2021-01-21 09:39:00+05:30 32785.0 32747.7
sell 9d141a543a29440db9d366de248285e0
2021-01-22 11:10:00+05:30 14520.5 14495.0
oyoy 2021-01-25 09:16:00+05:30 14593.0 14371.0 14475.0
14211.531666666666 14685.774666666666
sell 6332532244944333b3affaa04ba5950d
buy a794c2f8fcc54b9d9c27636bc7a63ec2
2021-01-27 09:16:00+05:30 14208.0 14158.25
oyoy 2021-01-27 09:16:00+05:30 14475.0 14260.0 14199.0
13937.566666666668 14408.146666666667
sell e81aab9f6aff4f8bb9dacd8ccc8d46d2
oyoy 2021-01-27 09:16:00+05:30 31469.95 31188.0 31165.35
30307.68 31851.485999999997
sell a70cc2d740be41e5bfa4e8f4dae1393f
buy 234af6912a9943d7af4e64e7e1df0ad1
2021-01-27 14:11:00+05:30 30377.9 30304.55
buy 4d1e42bbfa11424db71ab01de00da8e3
2021-01-27 14:41:00+05:30 13947.6 13937.3
oyoy 2021-01-29 09:16:00+05:30 13868.54 13819.45 13925.0
13671.643416666666 14127.685266666667
sell 1312ee9c64a84738a184bef35f69cf82
buy ca615aa5ce9c4eb59fb4851da22a679e
2021-01-29 15:05:00+05:30 13711.65 13670.25
yoyo 2021-02-02 09:16:00+05:30 30994.85 33422.4 33610.0
34529.116 32874.7072
buy a822809dea17415fbe368c395e861b09
sell fafbacb3f2464619a006d01d4674bfd8
2021-02-02 09:33:00+05:30 34631.0 34462.15
yoyo 2021-02-03 09:16:00+05:30 14519.0 14711.9 14770.0
15039.718166666667 14554.225466666667
buy da7319b11c7843ce9e8dea0d8b21011d
yoyo 2021-02-03 09:16:00+05:30 33610.0 34444.5 34675.0
35622.22375 33917.221
buy 19b750baadf7444bb057fd6ade8b586a
sell 2074f9818ccc4399963aacc19a282a86
2021-02-05 09:16:00+05:30 35852.2 35555.05
yoyo 2021-02-05 09:16:00+05:30 34551.05 35339.9 35575.9
36547.74725 34798.4222
buy 60530ff210a64cbfa9cfe57815e839c0
sell a07ab5ccd3c3432681ce30f9e060052b
2021-02-05 10:06:00+05:30 36580.0 36443.35
sell 93f19bf24944426eba120f01eb3ead9b
2021-02-08 09:16:00+05:30 15070.0 15031.0
yoyo 2021-02-09 09:16:00+05:30 15068.0 15138.0 15153.0
15430.53 14930.976
buy 4b8c90a5766140c4a7b82eb85477c2d3
oyoy 2021-02-11 09:16:00+05:30 35960.0 35994.0 35750.0
34760.165 36541.868
sell 2770f8e5027a49b2817b8ad21826de8c
buy 77fafba0e56042c6a544a010d66dde66
2021-02-15 09:16:00+05:30 36618.25 36423.45
yoyo 2021-02-18 09:16:00+05:30 37050.05 36930.0 37075.0
38090.575 36262.54
buy 47b70a5d82454df393642327f712a680
sell 0a2e8296665845a99251735c9b268a09
2021-02-19 09:16:00+05:30 36402.0 36226.35
oyoy 2021-02-19 09:16:00+05:30 37075.0 36600.0 36402.0
35395.5 37207.2
sell 30c9226293e5432db19e3977e4f5da58
sell 1b320c4bd47d4e41a55cd7a035ce7678
2021-02-19 14:11:00+05:30 14968.8 14930.0
oyoy 2021-02-22 09:16:00+05:30 15062.2 15001.15 14982.0
14706.978916666667 15202.016866666667
sell b235b7d8c58d451f816a4c51aec2c0bd
buy e4e7de210edc4a85b6b0a043c6ee8ddc
2021-02-22 12:53:00+05:30 35454.2 35383.05
buy 07c285cd9bbb49cc953c3888c885e75e
2021-02-22 13:50:00+05:30 14718.0 14705.15
oyoy 2021-02-23 09:16:00+05:30 14982.0 14642.55 14755.25
14486.80325 14970.0074
sell 11fb810c9c9d4b509fe9ed0ef9580655
oyoy 2021-02-23 09:16:00+05:30 35622.35 35162.2 35580.0
34613.0395 36353.5684
sell 20dce909d96f47059852dc3a482e3649
buy 7753a88be3a14d35a073840c84fdcbb0
2021-02-25 09:16:00+05:30 15112.4 15050.35
buy 18c136243f584842b0229847f5fbf16f
2021-02-25 09:16:00+05:30 36963.9 36502.0
oyoy 2021-02-25 09:16:00+05:30 14755.15 14755.05 15078.0
14807.49075 15294.4074
sell 8e2a17db8a5a43eebf927f79aa7b8f74
oyoy 2021-02-25 09:16:00+05:30 35090.0 35544.05 36502.0
35524.538625 37283.9691
sell 1d8473dd47794facb420f610e141592f
buy 688206e1e0dc4528aaf5ba7cb5ee1d51
2021-02-26 09:21:00+05:30 35594.1 35511.25
buy 90892d0adb6842baad80c4d8ef7a81c7
2021-02-26 10:26:00+05:30 14833.15 14752.0
oyoy 2021-03-01 09:16:00+05:30 14948.0 14565.25 14709.95
14442.920416666668 14923.573666666667
sell 481e5206503c4b7f935a594ecafe107f
oyoy 2021-03-01 09:16:00+05:30 36000.0 34889.0 35350.0
34390.5525 36117.558
sell cb75b972ad8a41ae8b48664c133c7c3f
buy 6eeaffe697aa423fa974968363541c5c
2021-03-02 09:31:00+05:30 14924.55 14901.65
buy 821483bb7fe54797b2421cca276b3a01
2021-03-03 10:41:00+05:30 36140.0 36102.7
yoyo 2021-03-04 09:16:00+05:30 15062.0 15299.95 15047.95
15328.449083333335 14823.550733333333
buy cdf29aa8982b482a8edf42673da1d467
yoyo 2021-03-04 09:16:00+05:30 35750.0 36490.0 35726.25
36729.725 34923.47
buy c36f128eec094568bd90690f77755985
sell e744e149add84e81b2ebe8bb5136296d
2021-03-05 14:07:00+05:30 34966.0 34911.1
yoyo 2021-03-10 09:16:00+05:30 35668.0 35948.2 36244.0
37232.5755 35453.1396
buy 560fb3b3229e42da8f1faeb765df52e2
sell 3d0cdb1a536a455fa7153e8e091d9c57
2021-03-12 09:16:00+05:30 15375.0 15351.0
sell 4ced9ae7088f4135964e0ac3dcfceed5
2021-03-12 13:44:00+05:30 35622.75 35380.05
oyoy 2021-03-17 09:16:00+05:30 35425.0 34937.45 34900.0
33939.220125 35668.6239
sell f9e05fce22d146e3b9015b4bdd0ecf44
oyoy 2021-03-18 09:16:00+05:30 14968.0 14755.1 14868.25
14597.739833333333 15084.658133333334
sell 7ffdeedb3c6641bd8b27ea30c42af496
buy 0b1edc02df3044ff881a3eda73360c91
2021-03-18 13:33:00+05:30 33995.4 33921.95
buy cbfd3f0b2f7b4fb1a9d6eeb2f751426f
2021-03-18 14:00:00+05:30 14615.1 14594.05
oyoy 2021-03-22 09:16:00+05:30 14499.8 14750.6 14741.05
14470.622333333333 14957.392133333333
sell 56426a8858014e9992c5e1af31344315
oyoy 2021-03-22 09:16:00+05:30 33600.3 34140.0 34035.3
33096.450000000004 34786.380000000005
sell a8ed923a5c6e4739aeb7a5c183179823
buy 965579e9861a431198d9936a6a515855
2021-03-25 09:19:00+05:30 33119.95 33092.25
buy 3ea59338d5904998bf95890ba2577a43
2021-03-25 09:21:00+05:30 14486.35 14465.0
oyoy 2021-03-26 09:16:00+05:30 14684.51 14324.5 14555.0
14292.384166666667 14765.092666666667
sell 323ca0a5f9394d19b8bd10b367a55bd8
oyoy 2021-03-26 09:16:00+05:30 33682.87 33003.9 33750.0
32842.39275 34476.0858
sell cf845610a99e46a483321170a22a7504
buy d8d6f4a1d90e4ae3ab81914d4bec2abb
2021-03-30 09:31:00+05:30 14780.0 14769.1
yoyo 2021-04-01 09:16:00+05:30 14871.05 14765.95 14823.1
15093.809083333334 14606.532733333333
buy d87b0d4865d0456f9b952a2572a56f2c
buy 94d7d1cee366473db8f540e5554c15d8
2021-04-05 10:01:00+05:30 32906.35 32798.0
sell 2854d2a161c94433a287126d4013c8a5
2021-04-05 10:13:00+05:30 14624.0 14594.4
oyoy 2021-04-07 09:16:00+05:30 14750.1 14765.0 14750.0
14479.308333333332 14966.553333333333
sell 065bcb48bb374cb7a65dedc1b5ef8da8
oyoy 2021-04-07 09:16:00+05:30 33021.0 32711.15 32560.35
31660.793374999997 33279.995299999995
sell 1576ca7d5b2f456ab9bdd675e79ab6d8
buy 0041c691e4604d25ae1c16690c2b5f48
2021-04-07 12:09:00+05:30 33288.0 33241.05
buy 98ac1fa52f484cbe89cead40fd7c4ea8
2021-04-08 09:16:00+05:30 14977.9 14925.5
yoyo 2021-04-12 09:16:00+05:30 14901.1 14893.05 14689.7
14962.73925 14471.268600000001
buy 4607b6de20cb4d37a7447fb53f76246d
sell cf8c42aed2ef43608d999aa87229b82e
2021-04-12 09:31:00+05:30 14495.0 14463.5
yoyo 2021-04-19 09:16:00+05:30 14605.65 14621.3 14399.0
14667.057166666667 14184.554266666666
buy 9fb87443d13744d8a135c66aec6c7723
yoyo 2021-04-19 09:16:00+05:30 32260.0 32023.0 31105.25
31985.8825 30400.744
buy fd56b0742d8e4970a8f8e588d0f54040
sell 17d399216398404ba83e655357806f89
2021-04-22 09:16:00+05:30 14200.0 14155.0
oyoy 2021-04-23 09:16:00+05:30 14200.0 14405.3 14335.05
14070.952833333333 14546.327733333332
sell d30b9d414f5446d8ae93274f3e6c5296
sell efa244223a6b4e2d9c82036377a56ac3
2021-04-23 10:34:00+05:30 31995.0 31948.6
oyoy 2021-04-26 09:16:00+05:30 31505.0 31602.85 32221.2
31352.121625 32916.462700000004
sell 51b3de6b67804d179f04cadf8ec93106
buy 751589848daa4716a961fd858d63c70c
2021-04-26 10:01:00+05:30 14549.7 14537.5
yoyo 2021-04-27 09:16:00+05:30 14442.35 14487.2 14500.0
14765.598666666667 14287.521066666666
buy ee50bc97c7604895aa340feb2b5e8757
buy df7c4fc141da4172ba9f2796c30db0d9
2021-04-28 09:16:00+05:30 32965.0 32833.9
yoyo 2021-04-28 09:16:00+05:30 32238.0 32765.0 32874.0
33775.0375 32153.17
buy d46eaaa1329e4e2ba284266acc73be83
sell 92ff553a00ed45b2a596936bd6b40fd1
2021-04-28 10:44:00+05:30 14766.0 14760.1
sell ce7f65e0a8c742398263b4d243068c06
2021-04-29 09:16:00+05:30 34066.8 33845.0
yoyo 2021-04-29 09:16:00+05:30 32874.0 33671.05 33902.25
34828.203875 33161.4869
buy 2ddd79d223394821935dbe9a615503ba
sell 17b9add6fb114d858d93c4692cc49436
2021-04-30 09:16:00+05:30 33369.45 33129.4
yoyo 2021-04-30 09:16:00+05:30 33902.8 33712.0 33197.65
34124.73 32455.986
buy 90e3827dd6714b26a3c7d5217b490650
sell 0a7a9484d0f845c7a0ee7d11ff0d6ed7
2021-05-03 09:16:00+05:30 32424.8 31625.0
yoyo 2021-05-06 09:16:00+05:30 14625.05 14695.0 14717.95
14987.358333333334 14502.423333333334
buy a17d4dfa93434f46a50a411e04a0cc04
yoyo 2021-05-06 09:16:00+05:30 32730.0 33053.0 33107.85
34016.807499999995 32380.683999999997
buy dbb35e1cb9474fd8b470bdb075b7e0c9
sell 286dfdcea42846bbad710111ef321167
2021-05-10 09:16:00+05:30 14989.0 14955.1
yoyo 2021-05-11 09:16:00+05:30 14968.25 14993.9 14798.0
15072.888166666668 14578.089466666666
buy dd048ca1153b407eaaf740812697071c
sell 4bbdcfd7d1694029b6d8a714a455cb63
2021-05-14 11:38:00+05:30 32440.0 32333.0
sell f4372309a0ab412ea43d6d9fa8e54d9e
2021-05-18 09:16:00+05:30 15105.0 15072.2
yoyo 2021-05-24 09:16:00+05:30 33600.15 34850.0 34900.0
35858.375 34133.3
buy 7a200ff765dc4792a55abc16624df131
yoyo 2021-05-25 09:16:00+05:30 15230.05 15190.1 15281.05
15559.535166666667 15058.261866666666
buy f6db3f8f46b24faaa2c3f31ac33a025a
sell c2ae233626334b109d0a88ea557ff133
2021-05-31 12:30:00+05:30 15564.0 15553.55
yoyo 2021-06-01 09:16:00+05:30 15458.0 15571.05 15612.5
15897.96925 15384.1246
buy 968522fc033a45a5bb76baf590ede4e5
sell 86510cd6fbbc45fb99c277486eb243b0
2021-06-03 14:11:00+05:30 35872.0 35806.85
oyoy 2021-06-08 09:16:00+05:30 35540.05 35598.05 35536.8
34557.853625 36319.9571
sell 3e19ac75c6e5476b909da75b5f0dfd4d
buy 12b6de9d137c49768050d3b3c9861d53
2021-06-14 09:31:00+05:30 34645.95 34455.0
sell f0b3b700a8b84ecf9e312932287febc6
2021-06-15 09:16:00+05:30 15900.0 15853.95
yoyo 2021-06-15 09:16:00+05:30 15728.0 15836.0 15866.6
16156.926666666666 15634.338666666667
buy f8795cc425c14ad4a72b453746a73124
oyoy 2021-06-16 09:16:00+05:30 35035.0 35296.05 35233.0
34262.358625 36009.5131
sell d5ecc1cbee854835bf0ffbc34c721299
sell 90aed1451897474f87d78daaded60a53
2021-06-17 14:24:00+05:30 15642.95 15626.0
buy 43690d1b439a49aeb57b443a59f74548
2021-06-18 10:01:00+05:30 34331.8 34258.1
yoyo 2021-06-22 09:16:00+05:30 15548.0 15749.45 15810.0
16098.739916666667 15579.008066666667
buy f73ea9b166d146809d940f16052101f5
yoyo 2021-06-22 09:16:00+05:30 34388.0 34944.4 35110.0
36070.971 34341.2232
buy 67f811fe91304de2920d04976dad3d1a
backtest run complete, time taken 0:06:42.620000.
